Testing Multi-level 1024
	Area: 1.50660565495491027832
	Error: 0.00001377005491032257
	Time: 6.50477951951324939728
	Area: 1.50660699605941772461
	Error: 0.00001511115941776886
	Time: 6.03851267136633396149
	Area: 1.50660753250122070312
	Error: 0.00001564760122074738
	Time: 6.00717087276279926300
	Area: 1.50659385323524475098
	Error: 0.00000196833524479523
	Time: 6.17575714550912380219
	Area: 1.50658929347991943359
	Error: -0.00000259142008052216
	Time: 6.33646311052143573761
	Area: 1.50662603974342346191
	Error: 0.00003415484342350616
	Time: 6.34461323171854019165
	Area: 1.50666332244873046875
	Error: 0.00007143754873051300
	Time: 6.36236146464943885803
	Area: 1.50662603974342346191
	Error: 0.00003415484342350616
	Time: 6.15026741102337837219
	Area: 1.50661933422088623047
	Error: 0.00002744932088627472
	Time: 6.18207133747637271881
	Area: 1.50660270452499389648
	Error: 0.00001081962499394074
	Time: 6.19137112051248550415
Finished Multi-level 1024
Mean error: 0.00002219219121712968
Standard deviation: 0.00002013808000865716
Average time: 6.22933678850531613591
Testing Multi-level 2048
	Area: 1.50662168115377426147
	Error: 0.00002979625377430573
	Time: 24.84250599145889282227
	Area: 1.50662617385387420654
	Error: 0.00003428895387425079
	Time: 24.90524115040898323059
	Area: 1.50662523508071899414
	Error: 0.00003335018071903839
	Time: 24.77649163454771041870
	Area: 1.50663495808839797974
	Error: 0.00004307318839802399
	Time: 24.77920051291584968567
	Area: 1.50661329925060272217
	Error: 0.00002141435060276642
	Time: 24.67767762392759323120
	Area: 1.50662047415971755981
	Error: 0.00002858925971760407
	Time: 24.62558362446725368500
	Area: 1.50661356747150421143
	Error: 0.00002168257150425568
	Time: 24.84345733560621738434
	Area: 1.50660397857427597046
	Error: 0.00001209367427601471
	Time: 24.95149640925228595734
	Area: 1.50661893188953399658
	Error: 0.00002704698953404083
	Time: 24.76628582738339900970
	Area: 1.50660277158021926880
	Error: 0.00001088668021931305
	Time: 24.80173246748745441437
Finished Multi-level 2048
Mean error: 0.00002622221026205018
Standard deviation: 0.00000947315466716769
Average time: 24.79696725774556398392
