Testing Multi-level 1024
	Area: 1.50663140416145324707
	Error: 0.00003951926145329132
	Time: 5.30344940349459648132
	Area: 1.50658044219017028809
	Error: -0.00001144270982966766
	Time: 5.22112639248371124268
	Area: 1.50663489103317260742
	Error: 0.00004300613317265167
	Time: 5.22252635844051837921
	Area: 1.50666064023971557617
	Error: 0.00006875533971562042
	Time: 5.22792045027017593384
	Area: 1.50665688514709472656
	Error: 0.00006500024709477081
	Time: 5.21289545856416225433
	Area: 1.50662228465080261230
	Error: 0.00003039975080265656
	Time: 5.22229848243296146393
	Area: 1.50662925839424133301
	Error: 0.00003737349424137726
	Time: 5.21782161295413970947
	Area: 1.50661906599998474121
	Error: 0.00002718109998478546
	Time: 5.22070381604135036469
	Area: 1.50659760832786560059
	Error: 0.00000572342786564484
	Time: 5.23275177180767059326
	Area: 1.50663033127784729004
	Error: 0.00003844637784733429
	Time: 5.22232676669955253601
Finished Multi-level 1024
Mean error: 0.00003439624223489091
Standard deviation: 0.00002287828615143975
Average time: 5.23038205131888389587
Testing Multi-level 2048
	Area: 1.50662201642990112305
	Error: 0.00003013152990116730
	Time: 20.94537615776062011719
	Area: 1.50662282109260559082
	Error: 0.00003093619260563507
	Time: 21.03693392872810363770
	Area: 1.50660840421915054321
	Error: 0.00001651931915058746
	Time: 20.94809880666434764862
	Area: 1.50661504268646240234
	Error: 0.00002315778646244659
	Time: 20.93075506761670112610
	Area: 1.50658976286649703979
	Error: -0.00000212203350291595
	Time: 20.94535120017826557159
	Area: 1.50660806894302368164
	Error: 0.00001618404302372589
	Time: 20.90380028635263442993
	Area: 1.50662114471197128296
	Error: 0.00002925981197132721
	Time: 20.96574797108769416809
	Area: 1.50661316514015197754
	Error: 0.00002128024015202179
	Time: 20.92163485288619995117
	Area: 1.50661987066268920898
	Error: 0.00002798576268925324
	Time: 21.04120272397994995117
	Area: 1.50663831084966659546
	Error: 0.00004642594966663971
	Time: 21.02754987031221389771
Finished Multi-level 2048
Mean error: 0.00002397586021207765
Standard deviation: 0.00001199870146524539
Average time: 20.96664508655667447101
