Testing Multi-level 1024
	Area: 1.50665339827537536621
	Error: 0.00006151337537541046
	Time: 5.55792174302041530609
	Area: 1.50664588809013366699
	Error: 0.00005400319013371124
	Time: 5.46036783047020435333
	Area: 1.50659170746803283691
	Error: -0.00000017743196711884
	Time: 5.46959748864173889160
	Area: 1.50658419728279113770
	Error: -0.00000768761720881805
	Time: 5.46081377007067203522
	Area: 1.50657454133033752441
	Error: -0.00001734356966243134
	Time: 5.46244779787957668304
	Area: 1.50665339827537536621
	Error: 0.00006151337537541046
	Time: 5.45327490940690040588
	Area: 1.50661182403564453125
	Error: 0.00001993913564457550
	Time: 5.46604117192327976227
	Area: 1.50658285617828369141
	Error: -0.00000902872171626434
	Time: 5.45347372628748416901
	Area: 1.50660967826843261719
	Error: 0.00001779336843266144
	Time: 5.47197502665221691132
	Area: 1.50660619139671325684
	Error: 0.00001430649671330109
	Time: 5.45846697688102722168
Finished Multi-level 1024
Mean error: 0.00001948316011213258
Standard deviation: 0.00002836986211236582
Average time: 5.47143804412335121867
Testing Multi-level 2048
	Area: 1.50658855587244033813
	Error: -0.00000332902755961761
	Time: 21.89497273787856101990
	Area: 1.50660827010869979858
	Error: 0.00001638520869984283
	Time: 21.90512083843350410461
	Area: 1.50660780072212219238
	Error: 0.00001591582212223663
	Time: 21.87513391114771366119
	Area: 1.50661423802375793457
	Error: 0.00002235312375797882
	Time: 21.98708399198949337006
	Area: 1.50663308054208755493
	Error: 0.00004119564208759918
	Time: 21.89693408459424972534
	Area: 1.50658989697694778442
	Error: -0.00000198792305217133
	Time: 21.89657737500965595245
	Area: 1.50660699605941772461
	Error: 0.00001511115941776886
	Time: 21.92698772437870502472
	Area: 1.50659888237714767456
	Error: 0.00000699747714771881
	Time: 21.92204367741942405701
	Area: 1.50660531967878341675
	Error: 0.00001343477878346100
	Time: 21.95172683149576187134
	Area: 1.50661665201187133789
	Error: 0.00002476711187138214
	Time: 21.91784499026834964752
Finished Multi-level 2048
Mean error: 0.00001508433732766434
Standard deviation: 0.00001236690450636185
Average time: 21.91744261626154255396
